<?xml version="1.0" encoding="UTF-8"?>
<testng-results ignored="0" total="1" passed="1" failed="0" skipped="0">
  <reporter-output>
  </reporter-output>
  <suite started-at="2024-06-07T14:45:03 IST" name="Default suite" finished-at="2024-06-07T14:45:03 IST" duration-ms="83">
    <groups>
    </groups>
    <test started-at="2024-06-07T14:45:03 IST" name="Default test" finished-at="2024-06-07T14:45:03 IST" duration-ms="83">
      <class name="JavaStreamTest1">
        <test-method signature="streammap()[pri:0, instance:JavaStreamTest1@60bd273d]" started-at="2024-06-07T14:45:03 IST" name="streammap" finished-at="2024-06-07T14:45:03 IST" duration-ms="20" status="PASS">
          <reporter-output>
          </reporter-output>
        </test-method> <!-- streammap -->
      </class> <!-- JavaStreamTest1 -->
    </test> <!-- Default test -->
  </suite> <!-- Default suite -->
</testng-results>
